Checkpointing Rate.com.guardtime.flows.program.direct.DirProgramSubscriptionCancellationFlow$AdvisorAcceptorOneMinuteRate
Checkpointing Rate.com.guardtime.flows.program.ProgramSubscriptionAcceptanceFlow$InitiatorOneMinuteRate
Checkpointing Rate.com.guardtime.flows.declaration.AddDeclarationSubscriptionResponderFlowOneMinuteRate
Checkpointing Rate.com.guardtime.flows.contract.ContractSellerReview$ReceiverOneMinuteRate
Checkpointing Rate.com.guardtime.flows.declaration.ParticipantEvaluateDeclarationResultResponderFlowOneMinuteRate
Checkpointing Rate.com.guardtime.flows.program.reinsurance.ReinsuranceAdvisorProgramSubscriptionCreationFlow$InitiatorOneMinuteRate
Checkpointing Rate.com.guardtime.flows.contract.ContractUpdate$DirContractUpdateInitiatorOneMinuteRate
Checkpointing Rate.com.guardtime.flows.declaration.AddDeclarationResultFlowOneMinuteRate
Checkpointing Rate.com.guardtime.flows.claim.UpdateClaimFlow$AcceptorOneMinuteRate
Checkpointing Rate.com.guardtime.flows.contract.ShareContractAssetsFlow$ReceiveContractAssetsRequestFlowOneMinuteRate
Checkpointing Rate.com.guardtime.flows.contract.direct.DirContractRegistration$ContractRegistrationInitiatorOneMinuteRate
Checkpointing Rate.com.guardtime.flows.contract.reinsurance.ReinsuranceAdvisorApproval$AdvisorApprovalFlowOneMinuteRate
Checkpointing Rate.net.corda.node.services.FinalityHandlerOneMinuteRate
Checkpointing Rate.com.guardtime.flows.document.AddDocumentMetaInfoFlowOneMinuteRate
Checkpointing Rate.com.guardtime.flows.declaration.SubmitDeclarationResultsToParticipantsFlowOneMinuteRate
Checkpointing Rate.com.guardtime.flows.claim.CreateLossEventFlowOneMinuteRate
Checkpointing Rate.com.guardtime.flows.claim.ShareLossEventFlowOneMinuteRate
Checkpointing Rate.com.guardtime.flows.asset.valuation.ShareAssetValuationMncToBrokerFlow$AcceptFlowOneMinuteRate
Checkpointing Rate.com.guardtime.flows.claim.ShareClaimHistoryMncToBrokerFlow$AcceptFlowOneMinuteRate
Checkpointing Rate.com.guardtime.flows.declaration.CancelDeclarationEventResponderFlowOneMinuteRate
Checkpointing Rate.com.guardtime.flows.contract.reinsurance.ReinsuranceContractRegistration$ContractRegistrationInitiatorOneMinuteRate
Checkpointing Rate.com.guardtime.flows.program.ProgramSubscriptionShareData$ShareProgramIntentionAssetsOneMinuteRate
Checkpointing Rate.com.guardtime.flows.program.ProgramSubscriptionDeclinationFlow$InitiatorOneMinuteRate
Checkpointing Rate.com.guardtime.flows.notification.AddNotificationFlow$AddNotificationInitiatorFlowOneMinuteRate
Checkpointing Rate.com.guardtime.flows.contract.ContractSubmitForApproval$SubmitToSellersForApprovalOneMinuteRate
Checkpointing Rate.com.guardtime.flows.contract.direct.DirContractCancel$CancelDirectContractFlowOneMinuteRate
Checkpointing RateOneMinuteRate
Checkpointing Rate.com.guardtime.flows.declaration.UpdateDeclarationSubscriptionResponderFlowOneMinuteRate
Checkpointing Rate.com.guardtime.flows.claim.financials.subscription.UpdateClaimFinancialsFlow$AcceptorOneMinuteRate
Checkpointing Rate.com.guardtime.flows.contract.common.PropagateContractTransactionsHandlerOneMinuteRate
Checkpointing Rate.com.guardtime.flows.claim.UpdateLossEventFlow$AcceptorOneMinuteRate
Checkpointing Rate.com.guardtime.flows.claim.UpdateLossEventSubscriptionStatusFlow$AcceptorOneMinuteRate
Checkpointing Rate.com.guardtime.flows.program.ProgramSubscriptionUpdateFlow$AcceptorOneMinuteRate
Checkpointing Rate.com.guardtime.flows.AcceptBroadcastTransactionFlowOneMinuteRate
Checkpointing Rate.com.guardtime.flows.message.AddMessageFlow$AddMessageInitiatorFlowOneMinuteRate
Checkpointing Rate.com.guardtime.flows.document.AddDocumentMetaInfoResponderFlowOneMinuteRate
Checkpointing Rate.com.guardtime.flows.contract.direct.DirContractShareWithSeller$DirContractShareWithSellerFlowOneMinuteRate
Checkpointing Rate.com.guardtime.flows.claim.UpdateClaimSubscriptionStatusFlow$AcceptorOneMinuteRate
Checkpointing Rate.com.guardtime.flows.message.AddMessageFlow$AddMessageAcceptorFlowOneMinuteRate
Checkpointing Rate.com.guardtime.flows.ReceiveTransactionExistenceFlowOneMinuteRate
Checkpointing Rate.com.guardtime.flows.contract.direct.DirContractBuyerAcceptance$AcceptorOneMinuteRate
Checkpointing Rate.com.guardtime.flows.declaration.UpdateDeclarationResultFlowOneMinuteRate
Checkpointing Rate.com.guardtime.flows.asset.ShareVesselDetailMncToBrokerFlow$AcceptFlowOneMinuteRate
Checkpointing Rate.com.guardtime.flows.contract.ContractSubmitForApproval$SubmitToBuyerForApprovalOneMinuteRate
